"../../../Engine/Content/Functions/Engine_MaterialFunctions01/Opacity/CameraDepthFade.uasset" 0
"../../../Engine/Content/EngineMaterials/T_Default_Material_Grid_M.uasset" 1
"../../../Engine/Content/EngineMaterials/T_Default_Material_Grid_N.uasset" 2
"../../../Engine/Content/EngineMaterials/DefaultMaterial.uasset" 3
"../../../Engine/Content/BasicShapes/Cone.uasset" 4
"../../../Engine/Content/EngineMaterials/WorldGridMaterial.uasset" 5
"../../../Engine/Content/BasicShapes/Cube.uasset" 6
"../../../Engine/Content/EditorLandscapeResources/DataLayer.uasset" 7
"../../../Engine/Content/EditorMaterials/GizmoMaterial.uasset" 8
"../../../Engine/Content/EditorMaterials/MAT_Groups_Toggle.uasset" 9
"../../../Engine/Content/EditorMaterials/MAT_Groups_Visibility.uasset" 10
"../../../Engine/Content/EditorMaterials/PreviewShadowIndicator.uasset" 11
"../../../Engine/Content/EditorMaterials/PreviewShadowIndicatorMaterial.uasset" 12
"../../../Engine/Content/EditorMaterials/AssetViewer/EpicQuadPanorama_CC+EV1.uasset" 13
"../../../Engine/Content/EditorMaterials/MatineeGroups/MAT_ColorTrack.uasset" 14
"../../../Engine/Content/EditorMaterials/MatineeGroups/MAT_Groups_Anim.uasset" 15
"../../../Engine/Content/EditorMaterials/MatineeGroups/MAT_Groups_AudioMaster.uasset" 16
"../../../Engine/Content/EditorMaterials/MatineeGroups/MAT_Groups_Director.uasset" 17
"../../../Engine/Content/EditorMaterials/MatineeGroups/MAT_Groups_Event.uasset" 18
"../../../Engine/Content/EditorMaterials/MatineeGroups/MAT_Groups_Fade.uasset" 19
"../../../Engine/Content/EditorMaterials/MatineeGroups/MAT_Groups_Float.uasset" 20
"../../../Engine/Content/EditorMaterials/MatineeGroups/MAT_Groups_Move.uasset" 21
"../../../Engine/Content/EditorMaterials/MatineeGroups/MAT_Groups_Slomo.uasset" 22
"../../../Engine/Content/EditorMaterials/MatineeGroups/MAT_Groups_Sound.uasset" 23
"../../../Engine/Content/EditorMaterials/MatineeGroups/MAT_Groups_Vector.uasset" 24
"../../../Engine/Content/EditorMaterials/ParticleSystems/PSysThumbnail_NoImage.uasset" 25
"../../../Engine/Content/EditorMaterials/ParticleSystems/PSysThumbnail_OOD.uasset" 26
"../../../Engine/Content/EditorMaterials/Camera/CineMat.uasset" 27
"../../../Engine/Content/EditorMaterials/Camera/MI_CineMat_Rig.uasset" 28
"../../../Engine/Content/EditorMeshes/Camera/SM_CraneRig_Arm.uasset" 29
"../../../Engine/Content/EditorMeshes/Camera/SM_CraneRig_Base.uasset" 30
"../../../Engine/Content/EditorMeshes/Camera/SM_CraneRig_Body.uasset" 31
"../../../Engine/Content/EditorMeshes/Camera/SM_CraneRig_Mount.uasset" 32
"../../../Engine/Content/EditorMeshes/Camera/SM_RailRig_Mount.uasset" 33
"../../../Engine/Content/EditorMeshes/Camera/SM_RailRig_Track.uasset" 34
"../../../Engine/Content/EditorResources/BSPVertex.uasset" 35
"../../../Engine/Content/EditorResources/EmptyActor.uasset" 36
"../../../Engine/Content/EditorResources/RGBTable16x1_AssetViewer.uasset" 37
"../../../Engine/Content/EditorResources/S_Actor.uasset" 38
"../../../Engine/Content/EditorResources/S_Trigger.uasset" 39
"../../../Engine/Content/EditorResources/AudioIcons/S_AudioComponent.uasset" 40
"../../../Engine/Content/EditorResources/AudioIcons/S_AudioComponent_AutoActivate.uasset" 41
"../../../Engine/Content/EditorResources/LightIcons/S_LightError.uasset" 42
"../../../Engine/Content/EditorResources/SequenceRecorder/Countdown.uasset" 43
"../../../Engine/Content/EditorResources/SequenceRecorder/RecordingIndicator.uasset" 44
"../../../Engine/Content/EditorSounds/Notifications/CompileFailed.uasset" 45
"../../../Engine/Content/EditorSounds/Notifications/CompileFailed_Cue.uasset" 46
"../../../Engine/Content/EditorSounds/Notifications/CompileSuccess.uasset" 47
"../../../Engine/Content/EditorSounds/Notifications/CompileStart_Cue.uasset" 48
"../../../Engine/Content/EditorSounds/Notifications/CompileSuccess_Cue.uasset" 49
"../../../Engine/Content/EngineDamageTypes/DmgTypeBP_Environmental.uasset" 50
"../../../Engine/Content/EngineDebugMaterials/HeatmapGradient.uasset" 51
"../../../Engine/Content/EngineDebugMaterials/BoneWeightMaterial.uasset" 52
"../../../Engine/Content/EngineDebugMaterials/DebugMeshMaterial.uasset" 53
"../../../Engine/Content/EngineDebugMaterials/GeomMaterial.uasset" 54
"../../../Engine/Content/EngineFonts/Roboto.uasset" 55
"../../../Engine/Content/EngineFonts/RobotoTiny.uasset" 56
"../../../Engine/Content/EngineMaterials/DefaultBokeh.uasset" 57
"../../../Engine/Content/EngineMaterials/DefaultDiffuse.uasset" 58
"../../../Engine/Content/EngineMaterials/DefaultDeferredDecalMaterial.uasset" 59
"../../../Engine/Content/EngineMaterials/DefaultLightFunctionMaterial.uasset" 60
"../../../Engine/Content/EngineMaterials/DefaultPhysicalMaterial.uasset" 61
"../../../Engine/Content/Functions/Engine_MaterialFunctions02/Utility/BreakOutFloat2Components.uasset" 62
"../../../Engine/Content/EngineMaterials/DefaultPostProcessMaterial.uasset" 63
"../../../Engine/Content/EngineFonts/RobotoDistanceField.uasset" 64
"../../../Engine/Content/EngineMaterials/DefaultTextMaterialOpaque.uasset" 65
"../../../Engine/Content/EngineMaterials/DefaultWhiteGrid.uasset" 66
"../../../Engine/Content/EngineMaterials/EditorBrushMaterial.uasset" 67
"../../../Engine/Content/EngineMaterials/MiniFont.uasset" 68
"../../../Engine/Content/EngineMaterials/InvalidLightmapSettings.uasset" 69
"../../../Engine/Content/EngineMaterials/M_InvalidLightmapSettings.uasset" 70
"../../../Engine/Content/EngineMaterials/PhAT_JointLimitMaterial.uasset" 71
"../../../Engine/Content/EngineMaterials/PreintegratedSkinBRDF.uasset" 72
"../../../Engine/Content/EngineMaterials/RemoveSurfaceMaterial.uasset" 73
"../../../Engine/Content/EngineMaterials/WeightMapPlaceholderTexture.uasset" 74
"../../../Engine/Content/EngineResources/WhiteSquareTexture.uasset" 75
"../../../Engine/Content/EngineMaterials/Widget3DPassThrough.uasset" 76
"../../../Engine/Content/EngineMaterials/Widget3DPassThrough_Masked.uasset" 77
"../../../Engine/Content/EngineMaterials/Widget3DPassThrough_Opaque.uasset" 78
"../../../Engine/Content/EngineMaterials/Widget3DPassThrough_Masked_OneSided.uasset" 79
"../../../Engine/Content/EngineMaterials/Widget3DPassThrough_Opaque_OneSided.uasset" 80
"../../../Engine/Content/EngineMaterials/Widget3DPassThrough_Translucent.uasset" 81
"../../../Engine/Content/EngineMaterials/Widget3DPassThrough_Translucent_OneSided.uasset" 82
"../../../Engine/Content/EngineMeshes/Cylinder.uasset" 83
"../../../Engine/Content/EngineMeshes/Sphere.uasset" 84
"../../../Engine/Content/EngineResources/AICON-Green.uasset" 85
"../../../Engine/Content/EngineResources/AICON-Red.uasset" 86
"../../../Engine/Content/EngineResources/Black.uasset" 87
"../../../Engine/Content/EngineResources/DefaultTexture.uasset" 88
"../../../Engine/Content/EngineResources/DefaultTextureCube.uasset" 89
"../../../Engine/Content/EngineResources/GradientTexture0.uasset" 90
"../../../Engine/Content/EngineSounds/Master.uasset" 91
"../../../Engine/Content/EngineSounds/MasterSubmix.uasset" 92
"../../../Engine/Content/EngineTireTypes/DefaultTireType.uasset" 93
"../../../Engine/Content/Functions/Engine_MaterialFunctions01/Shading/ConvertFromDiffSpec.uasset" 94
"../../../Engine/Content/Functions/Engine_MaterialFunctions01/Shading/PowerToRoughness.uasset" 95
"../../../Engine/Content/Maps/Templates/Thumbnails/Default.uasset" 96
"../../../Engine/Content/Maps/Templates/Thumbnails/VR-Basic.uasset" 97
"../../../Engine/Content/MobileResources/T_MobileControls_texture.uasset" 98
"../../../Engine/Content/MobileResources/T_MobileMenu2.uasset" 99
"../../../Engine/Content/MobileResources/HUD/AnalogHat.uasset" 100
"../../../Engine/Content/MobileResources/HUD/VirtualJoystick_Background.uasset" 101
"../../../Engine/Content/MobileResources/HUD/VirtualJoystick_Thumb.uasset" 102
"../../../Engine/Content/MobileResources/HUD/DefaultVirtualJoysticks.uasset" 103
"../../../Engine/Content/MobileResources/HUD/LeftVirtualJoystickOnly.uasset" 104
"../../../Engine/Content/MobileResources/HUD/MobileHUDButton1_off.uasset" 105
"../../../Engine/Content/MobileResources/HUD/MobileHUDButton1_on.uasset" 106
"../../../Engine/Content/MobileResources/HUD/MobileHUDButton2_off.uasset" 107
"../../../Engine/Content/MobileResources/HUD/MobileHUDButton2_on.uasset" 108
"../../../Engine/Content/MobileResources/HUD/MobileHUDButton3.uasset" 109
"../../../Engine/Content/MobileResources/HUD/MobileHUDButtonFire.uasset" 110
"../../../Engine/Content/MobileResources/HUD/MobileHUDDirectionPad.uasset" 111
"../../../Engine/Content/MobileResources/HUD/MobileHUDDirectionPad2.uasset" 112
"../../../Engine/Content/MobileResources/HUD/MobileHUDDirectionPad3.uasset" 113
"../../../Engine/Content/MobileResources/HUD/MobileHUDDirectionStick.uasset" 114
"../../../Engine/Content/MobileResources/HUD/T_Castle_ThumbstickInner.uasset" 115
"../../../Engine/Content/MobileResources/HUD/T_Castle_ThumbstickOutter.uasset" 116
"../../../Engine/Content/Tutorial/ContentIntroCurve.uasset" 117
"../../../Engine/Content/Tutorial/Basics/LevelEditorAttract.uasset" 118
"../../../Engine/Content/Tutorial/Basics/TutorialAssets/icon_tab_Levels_40x.uasset" 119
"../../../Engine/Content/Tutorial/Basics/LevelEditorOverview.uasset" 120
"../../../Engine/Content/Tutorial/BlueprintTutorials/TutorialAssets/Blueprint_64x.uasset" 121
"../../../Engine/Content/Tutorial/BlueprintTutorials/BlueprintEditorTutorial.uasset" 122
"../../../Engine/Content/Tutorial/BlueprintTutorials/TutorialAssets/BlueprintInterface_64x.uasset" 123
"../../../Engine/Content/Tutorial/BlueprintTutorials/BlueprintInterfacesEditorOverview.uasset" 124
"../../../Engine/Content/Tutorial/BlueprintTutorials/TutorialAssets/BlueprintMacroLibrary_64x.uasset" 125
"../../../Engine/Content/Tutorial/BlueprintTutorials/BlueprintMacroLibrariesEditorOverview.uasset" 126
"../../../Engine/Content/Tutorial/BlueprintTutorials/LevelBlueprintEditorOverview.uasset" 127
"../../../Engine/Content/Tutorial/Foliage/TutorialAssets/Foliage.uasset" 128
"../../../Engine/Content/Tutorial/Foliage/Foliage_Intro_Tutorial.uasset" 129
"../../../Engine/Content/Tutorial/Paper2D/TutorialAssets/Paper2DFlipbook_TutorialIcon.uasset" 130
"../../../Engine/Content/Tutorial/Paper2D/FlipbookEditorTutorial.uasset" 131
"../../../Engine/Content/Tutorial/Paper2D/TutorialAssets/Paper2DSprite_TutorialIcon.uasset" 132
"../../../Engine/Content/Tutorial/Paper2D/SpriteEditorTutorial.uasset" 133
"../../../Engine/Content/Tutorial/SubEditors/DestructibleMeshEditorTutorial.uasset" 134
"../../../Engine/Content/Tutorial/SubEditors/MaterialEditorTutorial.uasset" 135
"../../../Engine/Content/Tutorial/SubEditors/ParticleSystemEditorTutorial.uasset" 136
"../../../Engine/Content/Tutorial/SubEditors/TutorialAssets/icon_ShowSkeletalMeshes_40x.uasset" 137
"../../../Engine/Content/Tutorial/SubEditors/PersonaAnimEditorWalkthrough.uasset" 138
"../../../Engine/Content/Tutorial/SubEditors/StaticMeshEditorTutorial.uasset" 139
"../../../Engine/Content/Tutorial/SubEditors/TutorialAssets/icon_Editor_Preferences_General_40x.uasset" 140
"../../../Engine/Content/VREditor/FloatingText/LineMaterial.uasset" 141
"../../../Engine/Content/VREditor/FloatingText/JointSphere.uasset" 142
"../../../Engine/Content/VREditor/FloatingText/LineSegmentCylinder.uasset" 143
"../../../Engine/Content/VREditor/Fonts/VRText_RobotoLarge.uasset" 144
"../../../Engine/Content/VREditor/Fonts/VRTextMaterial.uasset" 145
"../../../Engine/Content/VREditor/Fonts/TranslucentVRTextMaterial.uasset" 146
"../../../Engine/Content/VREditor/LaserPointer/VR_LaserPower_01.uasset" 147
"../../../Engine/Content/VREditor/LaserPointer/LaserPointerMaterial.uasset" 148
"../../../Engine/Content/VREditor/LaserPointer/LaserPointerMaterialInst.uasset" 149
"../../../Engine/Content/VREditor/LaserPointer/TranslucentLaserPointerMaterialInst.uasset" 150
"../../../Engine/Content/VREditor/LaserPointer/LaserPointerMesh.uasset" 151
"../../../Engine/Content/VREditor/Sounds/VR_grab_Cue.uasset" 152
"../../../Engine/Content/VREditor/Sounds/VR_teleport_Cue.uasset" 153
"../../../Engine/Content/VREditor/TransformGizmo/TransformGizmoMaterial.uasset" 154
"../../../Engine/Content/VREditor/TransformGizmo/TranslucentTransformGizmoMaterial.uasset" 155
"../../../Engine/Content/VREditor/TransformGizmo/BoundingBoxCorner.uasset" 156
"../../../Engine/Content/VREditor/TransformGizmo/BoundingBoxEdge.uasset" 157
"../../../Engine/Content/VREditor/TransformGizmo/PlaneTranslationHandle.uasset" 158
"../../../Engine/Content/VREditor/TransformGizmo/RotationHandle.uasset" 159
"../../../Engine/Content/VREditor/TransformGizmo/RotationHandleFull.uasset" 160
"../../../Engine/Content/VREditor/TransformGizmo/StretchingHandle.uasset" 161
"../../../Engine/Content/VREditor/TransformGizmo/TranslateHandleLong.uasset" 162
"../../../Engine/Content/VREditor/TransformGizmo/TranslationHandle.uasset" 163
"../../../Engine/Content/VREditor/TransformGizmo/UniformScaleHandle.uasset" 164
"../../../Engine/Content/VREditor/UI/CloseButtonMesh.uasset" 165
"../../../Engine/Content/VREditor/UI/SelectionBarMesh.uasset" 166
"../../../Engine/Content/Functions/Engine_MaterialFunctions01/Gradient/RadialGradient.uasset" 167
"../../../Engine/Content/VREditor/WorldMovementGrid/SimpleGrid.uasset" 168
"../../../Engine/Content/VREditor/WorldMovementGrid/GridMaterial.uasset" 169
"../../../Engine/Content/Functions/Engine_MaterialFunctions01/Density/ExponentialDensity.uasset" 170
"../../../Engine/Content/VREditor/WorldMovementGrid/GridPostProcess.uasset" 171
"../../../Engine/Content/EditorLandscapeResources/FlattenHeightMat.uasset" 172
"../../../Engine/Content/VREditor/WorldMovementGrid/PlaneMesh.uasset" 173
"../../../WizardDuel/Content/AdvancedMagicFX01/Materials/M_empty.uasset" 174
"../../../Engine/Content/Functions/Engine_MaterialFunctions01/Gradient/RadialGradientExponential.uasset" 175
"../../../WizardDuel/Content/AdvancedMagicFX01/Textures/T_noise3.uasset" 176
"../../../WizardDuel/Content/AdvancedMagicFX01/Materials/M_dynDust.uasset" 177
"../../../WizardDuel/Content/AdvancedMagicFX01/Textures/T_noise6.uasset" 178
"../../../WizardDuel/Content/AdvancedMagicFX01/Textures/T_smoke2.uasset" 179
"../../../WizardDuel/Content/AdvancedMagicFX01/Materials/MI_dynDust2.uasset" 180
"../../../Engine/Content/Functions/Engine_MaterialFunctions02/Fresnel_Function.uasset" 181
"../../../WizardDuel/Content/AdvancedMagicFX01/Textures/T_noise5.uasset" 182
"../../../WizardDuel/Content/AdvancedMagicFX01/Textures/T_sourceCircle01.uasset" 183
"../../../WizardDuel/Content/AdvancedMagicFX01/Materials/M_mesh_deco3_circle.uasset" 184
"../../../WizardDuel/Content/AdvancedMagicFX01/Textures/T_decoLine5.uasset" 185
"../../../WizardDuel/Content/AdvancedMagicFX01/Materials/MI_mesh_deco_chantDyn_two.uasset" 186
"../../../WizardDuel/Content/AdvancedMagicFX01/Textures/T_deco_doom.uasset" 187
"../../../WizardDuel/Content/AdvancedMagicFX01/Textures/T_dist_noise.uasset" 188
"../../../WizardDuel/Content/AdvancedMagicFX01/Materials/M_mesh_deco_ref.uasset" 189
"../../../WizardDuel/Content/AdvancedMagicFX01/Textures/T_iceImage.uasset" 190
"../../../WizardDuel/Content/AdvancedMagicFX01/Materials/MI_mesh_deco_ref_coatB.uasset" 191
"../../../WizardDuel/Content/AdvancedMagicFX01/Materials/M_primitive.uasset" 192
"../../../WizardDuel/Content/AdvancedMagicFX01/Materials/MI_primitive2.uasset" 193
"../../../WizardDuel/Content/AdvancedMagicFX01/Meshes/SM_circle.uasset" 194
"../../../WizardDuel/Content/AdvancedMagicFX01/Meshes/SM_rockRing.uasset" 195
"../../../WizardDuel/Content/AdvancedMagicFX01/Meshes/SM_wallCylinder_center_smooth.uasset" 196
"../../../WizardDuel/Content/AdvancedMagicFX01/Particles/P_angelicRing.uasset" 197
"../../../WizardDuel/Content/AdvancedMagicFX01/Textures/T_flare_a.uasset" 198
"../../../WizardDuel/Content/AdvancedMagicFX01/Materials/M_flare_tenmetu.uasset" 199
"../../../WizardDuel/Content/AdvancedMagicFX01/Textures/T_distCircleN.uasset" 200
"../../../WizardDuel/Content/AdvancedMagicFX01/Materials/M_dist.uasset" 201
"../../../WizardDuel/Content/AdvancedMagicFX01/Textures/T_dist_noise_normal.uasset" 202
"../../../WizardDuel/Content/AdvancedMagicFX01/Materials/MI_dist4.uasset" 203
"../../../WizardDuel/Content/AdvancedMagicFX01/Materials/M_turbDust.uasset" 204
"../../../WizardDuel/Content/AdvancedMagicFX01/Textures/T_glowR.uasset" 205
"../../../WizardDuel/Content/AdvancedMagicFX01/Materials/MI_glowR.uasset" 206
"../../../WizardDuel/Content/AdvancedMagicFX01/Materials/MI_glowR2b.uasset" 207
"../../../WizardDuel/Content/AdvancedMagicFX01/Materials/M_mesh_deco3_circleB.uasset" 208
"../../../WizardDuel/Content/AdvancedMagicFX01/Materials/MI_glowR3.uasset" 209
"../../../WizardDuel/Content/AdvancedMagicFX01/Materials/MI_primitive2_trs.uasset" 210
"../../../WizardDuel/Content/AdvancedMagicFX01/Materials/MI_turbDust6.uasset" 211
"../../../WizardDuel/Content/AdvancedMagicFX01/Meshes/SM_circle_inv.uasset" 212
"../../../WizardDuel/Content/AdvancedMagicFX01/Particles/P_blackHole.uasset" 213
"../../../WizardDuel/Content/AdvancedMagicFX01/Textures/T_auraWallWhite_4x4.uasset" 214
"../../../WizardDuel/Content/AdvancedMagicFX01/Textures/T_maskCircle.uasset" 215
"../../../WizardDuel/Content/AdvancedMagicFX01/Materials/M_base_anime.uasset" 216
"../../../WizardDuel/Content/AdvancedMagicFX01/Textures/T_dust_4x2B.uasset" 217
"../../../WizardDuel/Content/AdvancedMagicFX01/Materials/MI_dust_4x2B_glay.uasset" 218
"../../../WizardDuel/Content/AdvancedMagicFX01/Materials/M_glowR.uasset" 219
"../../../WizardDuel/Content/AdvancedMagicFX01/Materials/MI_glowR_kai_gray_nonD.uasset" 220
"../../../WizardDuel/Content/AdvancedMagicFX01/Materials/MI_mesh_deco_ref.uasset" 221
"../../../WizardDuel/Content/AdvancedMagicFX01/Meshes/SM_meteo.uasset" 222
"../../../WizardDuel/Content/AdvancedMagicFX01/Meshes/SM_meteoBurst.uasset" 223
"../../../WizardDuel/Content/AdvancedMagicFX01/Particles/P_crystalDrop.uasset" 224
"../../../WizardDuel/Content/AdvancedMagicFX01/Meshes/SM_rockRot.uasset" 225
"../../../WizardDuel/Content/AdvancedMagicFX01/Particles/P_crystalEdgeLv1.uasset" 226
"../../../WizardDuel/Content/AdvancedMagicFX01/Particles/P_crystalEdgeLv2.uasset" 227
"../../../WizardDuel/Content/AdvancedMagicFX01/Materials/MI_glowR4.uasset" 228
"../../../WizardDuel/Content/AdvancedMagicFX01/Materials/M_mesh_deco.uasset" 229
"../../../WizardDuel/Content/AdvancedMagicFX01/Textures/T_deco_rainbow.uasset" 230
"../../../WizardDuel/Content/AdvancedMagicFX01/Materials/MI_impact_glow.uasset" 231
"../../../WizardDuel/Content/AdvancedMagicFX01/Textures/T_gradiation.uasset" 232
"../../../WizardDuel/Content/AdvancedMagicFX01/Materials/M_meshAnimeMaskC.uasset" 233
"../../../WizardDuel/Content/AdvancedMagicFX01/Textures/T_deco_vir.uasset" 234
"../../../WizardDuel/Content/AdvancedMagicFX01/Materials/MI_meshAnimeMask6.uasset" 235
"../../../WizardDuel/Content/AdvancedMagicFX01/Textures/T_decoLinesC.uasset" 236
"../../../WizardDuel/Content/AdvancedMagicFX01/Textures/T_noise7.uasset" 237
"../../../WizardDuel/Content/AdvancedMagicFX01/Materials/M_mesh_decoSW.uasset" 238
"../../../WizardDuel/Content/AdvancedMagicFX01/Textures/T_decoLinesB.uasset" 239
"../../../WizardDuel/Content/AdvancedMagicFX01/Textures/T_noise9.uasset" 240
"../../../WizardDuel/Content/AdvancedMagicFX01/Materials/MI_meshDecoSW_flare6.uasset" 241
"../../../WizardDuel/Content/AdvancedMagicFX01/Materials/M_meshAnimeMaskB.uasset" 242
"../../../WizardDuel/Content/AdvancedMagicFX01/Materials/MI_turbDust8.uasset" 243
"../../../WizardDuel/Content/AdvancedMagicFX01/Textures/T_smoke_kai.uasset" 244
"../../../WizardDuel/Content/AdvancedMagicFX01/Materials/M_base_turbulence.uasset" 245
"../../../WizardDuel/Content/AdvancedMagicFX01/Materials/MI_turbulence_smoke.uasset" 246
"../../../WizardDuel/Content/AdvancedMagicFX01/Meshes/SM_cylinderKaiRotB_vc.uasset" 247
"../../../WizardDuel/Content/AdvancedMagicFX01/Meshes/SM_sphere.uasset" 248
"../../../WizardDuel/Content/AdvancedMagicFX01/Meshes/SM_sphereUV_lowPoly.uasset" 249
"../../../WizardDuel/Content/AdvancedMagicFX01/Meshes/SM_windLine13_multi.uasset" 250
"../../../WizardDuel/Content/AdvancedMagicFX01/Particles/P_darkSphere.uasset" 251
"../../../WizardDuel/Content/AdvancedMagicFX01/Materials/MI_chantAura_wallB.uasset" 252
"../../../WizardDuel/Content/AdvancedMagicFX01/Textures/T_circle9_4x4.uasset" 253
"../../../WizardDuel/Content/AdvancedMagicFX01/Materials/MI_circle9_4x4c.uasset" 254
"../../../WizardDuel/Content/AdvancedMagicFX01/Materials/MI_glowR_kai.uasset" 255
"../../../WizardDuel/Content/AdvancedMagicFX01/Textures/T_lightLine.uasset" 256
"../../../WizardDuel/Content/AdvancedMagicFX01/Materials/MI_glowR_kai2.uasset" 257
"../../../WizardDuel/Content/AdvancedMagicFX01/Materials/M_primitive_dyn2.uasset" 258
"../../../WizardDuel/Content/AdvancedMagicFX01/Materials/MI_primitive_dynB.uasset" 259
"../../../WizardDuel/Content/AdvancedMagicFX01/Textures/T_flare2.uasset" 260
"../../../WizardDuel/Content/AdvancedMagicFX01/Materials/M_flare_tenmetu2.uasset" 261
"../../../WizardDuel/Content/AdvancedMagicFX01/Textures/T_StarB.uasset" 262
"../../../WizardDuel/Content/AdvancedMagicFX01/Materials/MI_Star_tenmetu.uasset" 263
"../../../WizardDuel/Content/AdvancedMagicFX01/Particles/P_flare.uasset" 264
"../../../WizardDuel/Content/AdvancedMagicFX01/Materials/MI_circle9_4x4c2.uasset" 265
"../../../WizardDuel/Content/AdvancedMagicFX01/Materials/MI_distCircle.uasset" 266
"../../../WizardDuel/Content/AdvancedMagicFX01/Materials/MI_dynDust.uasset" 267
"../../../WizardDuel/Content/AdvancedMagicFX01/Materials/M_turbDust2.uasset" 268
"../../../WizardDuel/Content/AdvancedMagicFX01/Materials/MI_flareCore.uasset" 269
"../../../WizardDuel/Content/AdvancedMagicFX01/Materials/MI_flareImpact_turb2.uasset" 270
"../../../WizardDuel/Content/AdvancedMagicFX01/Materials/MI_sparkShock_flareTurbCore.uasset" 271
"../../../WizardDuel/Content/AdvancedMagicFX01/Meshes/SM_circleDist1.uasset" 272
"../../../WizardDuel/Content/AdvancedMagicFX01/Meshes/SM_quad_centerRot.uasset" 273
"../../../WizardDuel/Content/AdvancedMagicFX01/Particles/P_flareInpact.uasset" 274
"../../../Engine/Content/EngineMaterials/OrientParticle.uasset" 275
"../../../Engine/Content/EngineMaterials/DefaultParticle.uasset" 276
"../../../WizardDuel/Content/AdvancedMagicFX01/Materials/MI_glowR_kai_gray_two.uasset" 277
"../../../WizardDuel/Content/AdvancedMagicFX01/Materials/MI_mesh_deco_ref_coat.uasset" 278
"../../../WizardDuel/Content/AdvancedMagicFX01/Particles/P_freezeLancer.uasset" 279
"../../../WizardDuel/Content/AdvancedMagicFX01/Materials/MI_circle9_4x4b.uasset" 280
"../../../WizardDuel/Content/AdvancedMagicFX01/Materials/MI_glowR2.uasset" 281
"../../../WizardDuel/Content/AdvancedMagicFX01/Materials/MI_primitive_dynB_two.uasset" 282
"../../../Engine/Content/Functions/Engine_MaterialFunctions01/Gradient/LinearGradient.uasset" 283
"../../../WizardDuel/Content/AdvancedMagicFX01/Materials/M_shockWave.uasset" 284
"../../../WizardDuel/Content/AdvancedMagicFX01/Materials/MI_shockWave.uasset" 285
"../../../Engine/Content/Functions/Engine_MaterialFunctions01/Gradient/DiamondGradient.uasset" 286
"../../../Engine/Content/EditorMaterials/Cascade/CASC_Cross.uasset" 287
"../../../Engine/Content/EditorMaterials/Cascade/CASC_None.uasset" 288
"../../../Engine/Content/Functions/Engine_MaterialFunctions03/Blends/Blend_Screen.uasset" 289
"../../../WizardDuel/Content/AdvancedMagicFX01/Textures/T_dust_longStar.uasset" 290
"../../../WizardDuel/Content/AdvancedMagicFX01/Materials/M_starDust.uasset" 291
"../../../WizardDuel/Content/AdvancedMagicFX01/Materials/MI_starDust.uasset" 292
"../../../WizardDuel/Content/AdvancedMagicFX01/Particles/P_galaxyBomb.uasset" 293
"../../../WizardDuel/Content/AdvancedMagicFX01/Materials/MI_glowR2c.uasset" 294
"../../../WizardDuel/Content/AdvancedMagicFX01/Materials/MI_glowRb.uasset" 295
"../../../WizardDuel/Content/AdvancedMagicFX01/Materials/MI_turbulence_smoke2.uasset" 296
"../../../WizardDuel/Content/AdvancedMagicFX01/Particles/P_gate.uasset" 297
"../../../WizardDuel/Content/AdvancedMagicFX01/Materials/M_mesh_deco2.uasset" 298
"../../../WizardDuel/Content/AdvancedMagicFX01/Textures/T_noise4.uasset" 299
"../../../WizardDuel/Content/AdvancedMagicFX01/Materials/MI_mesh_deco8.uasset" 300
"../../../Engine/Content/Functions/Engine_MaterialFunctions03/Blends/Blend_Overlay.uasset" 301
"../../../WizardDuel/Content/AdvancedMagicFX01/Materials/M_mesh_fresnel2.uasset" 302
"../../../WizardDuel/Content/AdvancedMagicFX01/Materials/MI_mesh_fresnel3d.uasset" 303
"../../../WizardDuel/Content/AdvancedMagicFX01/Materials/M_meshAnimeMask.uasset" 304
"../../../WizardDuel/Content/AdvancedMagicFX01/Materials/MI_meshAnimeMask2E.uasset" 305
"../../../WizardDuel/Content/AdvancedMagicFX01/Meshes/SM_cylinderDouble_vc.uasset" 306
"../../../WizardDuel/Content/AdvancedMagicFX01/Meshes/SM_windLine15.uasset" 307
"../../../WizardDuel/Content/AdvancedMagicFX01/Meshes/SM_windLine15_midPoly.uasset" 308
"../../../WizardDuel/Content/AdvancedMagicFX01/Particles/P_healCircle.uasset" 309
"../../../WizardDuel/Content/AdvancedMagicFX01/Materials/MI_impact_glow2.uasset" 310
"../../../WizardDuel/Content/AdvancedMagicFX01/Materials/MI_starDust_sq.uasset" 311
"../../../WizardDuel/Content/AdvancedMagicFX01/Particles/P_healGlow.uasset" 312
"../../../WizardDuel/Content/AdvancedMagicFX01/Meshes/SM_windLine16.uasset" 313
"../../../WizardDuel/Content/AdvancedMagicFX01/Meshes/SM_windLine16_midPoly.uasset" 314
"../../../WizardDuel/Content/AdvancedMagicFX01/Particles/P_healGlow2.uasset" 315
"../../../WizardDuel/Content/AdvancedMagicFX01/Particles/P_healGlow3.uasset" 316
"../../../WizardDuel/Content/AdvancedMagicFX01/Particles/P_iceNeedle.uasset" 317
"../../../WizardDuel/Content/AdvancedMagicFX01/Materials/MI_dynDust2_nonD.uasset" 318
"../../../WizardDuel/Content/AdvancedMagicFX01/Particles/P_iceWave.uasset" 319
"../../../WizardDuel/Content/AdvancedMagicFX01/Materials/M_auraWall.uasset" 320
"../../../WizardDuel/Content/AdvancedMagicFX01/Materials/MI_auraWall.uasset" 321
"../../../WizardDuel/Content/AdvancedMagicFX01/Textures/T_flare3.uasset" 322
"../../../WizardDuel/Content/AdvancedMagicFX01/Materials/M_base_map.uasset" 323
"../../../WizardDuel/Content/AdvancedMagicFX01/Textures/T_magicCircle5.uasset" 324
"../../../WizardDuel/Content/AdvancedMagicFX01/Materials/MI_base_map.uasset" 325
"../../../WizardDuel/Content/AdvancedMagicFX01/Materials/MI_primitive_dynB_nonD.uasset" 326
"../../../WizardDuel/Content/AdvancedMagicFX01/Meshes/SM_auraHousya.uasset" 327
"../../../WizardDuel/Content/AdvancedMagicFX01/Vectorfields/vf1.uasset" 328
"../../../WizardDuel/Content/AdvancedMagicFX01/Particles/P_magicCircle1.uasset" 329
"../../../WizardDuel/Content/AdvancedMagicFX01/Textures/T_aura.uasset" 330
"../../../WizardDuel/Content/AdvancedMagicFX01/Materials/MI_chantAura.uasset" 331
"../../../Engine/Content/Functions/Engine_MaterialFunctions01/Texturing/ScaleUVsByCenter.uasset" 332
"../../../Engine/Content/Functions/Engine_MaterialFunctions02/ScreenResolution.uasset" 333
"../../../Engine/Content/Functions/Engine_MaterialFunctions02/Texturing/ScreenAlignedUVs.uasset" 334
"../../../WizardDuel/Content/AdvancedMagicFX01/Materials/M_smoke_forGPU.uasset" 335
"../../../WizardDuel/Content/AdvancedMagicFX01/Materials/MI_fireForGPU.uasset" 336
"../../../WizardDuel/Content/AdvancedMagicFX01/Materials/MI_meshDecoSW_flare5_nonDep.uasset" 337
"../../../Engine/Content/Functions/Engine_MaterialFunctions02/Utility/BlendAngleCorrectedNormals.uasset" 338
"../../../Engine/Content/Functions/Engine_MaterialFunctions03/Procedurals/NormalFromHeightmap.uasset" 339
"../../../WizardDuel/Content/AdvancedMagicFX01/Textures/T_sand_nor.uasset" 340
"../../../WizardDuel/Content/AdvancedMagicFX01/Textures/T_sandA.uasset" 341
"../../../WizardDuel/Content/AdvancedMagicFX01/Textures/T_sandA_nor.uasset" 342
"../../../WizardDuel/Content/AdvancedMagicFX01/Materials/M_meteo.uasset" 343
"../../../WizardDuel/Content/AdvancedMagicFX01/Materials/MI_meteo.uasset" 344
"../../../WizardDuel/Content/AdvancedMagicFX01/Materials/MI_smokeForGPU.uasset" 345
"../../../WizardDuel/Content/AdvancedMagicFX01/Particles/P_meteorLv1.uasset" 346
"../../../WizardDuel/Content/AdvancedMagicFX01/Textures/T_maskGround.uasset" 347
"../../../WizardDuel/Content/AdvancedMagicFX01/Materials/M_groundBurnt.uasset" 348
"../../../WizardDuel/Content/AdvancedMagicFX01/Materials/MI_groundBurnt.uasset" 349
"../../../WizardDuel/Content/AdvancedMagicFX01/Materials/MI_meteoB.uasset" 350
"../../../WizardDuel/Content/AdvancedMagicFX01/Particles/P_meteorLv2.uasset" 351
"../../../WizardDuel/Content/AdvancedMagicFX01/Materials/MI_chantAura_wall.uasset" 352
"../../../WizardDuel/Content/AdvancedMagicFX01/Materials/MI_mesh_fresnel3b.uasset" 353
"../../../WizardDuel/Content/AdvancedMagicFX01/Meshes/SM_auraWallSq2.uasset" 354
"../../../WizardDuel/Content/AdvancedMagicFX01/Particles/P_negativeCircle.uasset" 355
"../../../WizardDuel/Content/AdvancedMagicFX01/Materials/MI_mesh_fresnel3c.uasset" 356
"../../../WizardDuel/Content/AdvancedMagicFX01/Meshes/SM_auraWallSq.uasset" 357
"../../../WizardDuel/Content/AdvancedMagicFX01/Particles/P_positiveCircle.uasset" 358
"../../../WizardDuel/Content/AdvancedMagicFX01/Textures/T_dust_3x3.uasset" 359
"../../../WizardDuel/Content/AdvancedMagicFX01/Materials/MI_dust_3x3_glay.uasset" 360
"../../../WizardDuel/Content/AdvancedMagicFX01/Particles/P_power.uasset" 361
"../../../WizardDuel/Content/AdvancedMagicFX01/Particles/P_prizum.uasset" 362
"../../../WizardDuel/Content/AdvancedMagicFX01/Materials/M_base_nor.uasset" 363
"../../../WizardDuel/Content/AdvancedMagicFX01/Materials/MI_base_nor.uasset" 364
"../../../WizardDuel/Content/AdvancedMagicFX01/Meshes/SM_rock2B.uasset" 365
"../../../WizardDuel/Content/AdvancedMagicFX01/Particles/P_rockLv1.uasset" 366
"../../../WizardDuel/Content/AdvancedMagicFX01/Particles/P_rockLv2.uasset" 367
"../../../WizardDuel/Content/AdvancedMagicFX01/Particles/P_rockLv3.uasset" 368
"../../../WizardDuel/Content/AdvancedMagicFX01/Materials/MI_mesh_deco1d.uasset" 369
"../../../WizardDuel/Content/AdvancedMagicFX01/Materials/MI_primitive.uasset" 370
"../../../WizardDuel/Content/AdvancedMagicFX01/Meshes/SM_lansHarf.uasset" 371
"../../../WizardDuel/Content/AdvancedMagicFX01/Particles/P_shockWave.uasset" 372
"../../../WizardDuel/Content/AdvancedMagicFX01/Textures/T_noise.uasset" 373
"../../../WizardDuel/Content/AdvancedMagicFX01/Materials/M_base2Noise.uasset" 374
"../../../WizardDuel/Content/AdvancedMagicFX01/Textures/T_dustPiece_8x1.uasset" 375
"../../../WizardDuel/Content/AdvancedMagicFX01/Materials/MI_dustPiece_1x8.uasset" 376
"../../../WizardDuel/Content/AdvancedMagicFX01/Particles/P_stoneLv1.uasset" 377
"../../../WizardDuel/Content/AdvancedMagicFX01/Meshes/SM_ice2.uasset" 378
"../../../WizardDuel/Content/AdvancedMagicFX01/Particles/P_stoneLv2.uasset" 379
"../../../WizardDuel/Content/AdvancedMagicFX01/Materials/M_dynThander.uasset" 380
"../../../WizardDuel/Content/AdvancedMagicFX01/Materials/MI_dynThander4.uasset" 381
"../../../WizardDuel/Content/AdvancedMagicFX01/Meshes/SM_shield.uasset" 382
"../../../WizardDuel/Content/AdvancedMagicFX01/Particles/P_stupefy.uasset" 383
"../../../WizardDuel/Content/AdvancedMagicFX01/Materials/M_CrescentExp.uasset" 384
"../../../WizardDuel/Content/AdvancedMagicFX01/Materials/MI_CrescentExp.uasset" 385
"../../../WizardDuel/Content/AdvancedMagicFX01/Materials/MI_primitive3.uasset" 386
"../../../WizardDuel/Content/AdvancedMagicFX01/Particles/P_thanderLv2.uasset" 387
"../../../WizardDuel/Content/AdvancedMagicFX01/Materials/MI_mesh_deco7e_nonD.uasset" 388
"../../../WizardDuel/Content/AdvancedMagicFX01/Textures/T_decoChantLine.uasset" 389
"../../../WizardDuel/Content/AdvancedMagicFX01/Materials/MI_mesh_deco_chantDynE_two.uasset" 390
"../../../WizardDuel/Content/AdvancedMagicFX01/Materials/MI_meshAnimeMask6_nonD.uasset" 391
"../../../WizardDuel/Content/AdvancedMagicFX01/Materials/MI_turbDust6_nonD.uasset" 392
"../../../WizardDuel/Content/AdvancedMagicFX01/Meshes/SM_chantDeco3.uasset" 393
"../../../WizardDuel/Content/AdvancedMagicFX01/Meshes/SM_chantDeco3b.uasset" 394
"../../../WizardDuel/Content/AdvancedMagicFX01/Particles/P_thanderLv3.uasset" 395
"../../../WizardDuel/Content/AdvancedMagicFX01/Materials/MI_mesh_deco7d.uasset" 396
"../../../WizardDuel/Content/AdvancedMagicFX01/Meshes/SM_chantDeco1.uasset" 397
"../../../WizardDuel/Content/AdvancedMagicFX01/Meshes/SM_chantDeco2.uasset" 398
"../../../WizardDuel/Content/AdvancedMagicFX01/Meshes/SM_line01.uasset" 399
"../../../WizardDuel/Content/AdvancedMagicFX01/Particles/P_thanderLv4.uasset" 400
"../../../WizardDuel/Content/AdvancedMagicFX01/Particles/P_vara.uasset" 401
"../../../WizardDuel/Content/Geometry/Meshes/CubeMaterial.uasset" 402
"../../../WizardDuel/Content/Geometry/Meshes/1M_Cube_Chamfer.uasset" 403
"../../../WizardDuel/Content/Geometry/Meshes/TemplateFloor.uasset" 404
"../../../WizardDuel/Content/StarterContent/Materials/M_Basic_Wall.uasset" 405
"../../../WizardDuel/Content/StarterContent/Architecture/Pillar_50x500.uasset" 406
"../../../WizardDuel/Content/StarterContent/Architecture/Wall_400x300.uasset" 407
"../../../WizardDuel/Content/StarterContent/Architecture/Wall_400x400.uasset" 408
"../../../WizardDuel/Content/StarterContent/Architecture/Wall_500x500.uasset" 409
"../../../WizardDuel/Content/StarterContent/Architecture/Wall_Door_400x400.uasset" 410
"../../../WizardDuel/Content/StarterContent/Architecture/Wall_Window_400x400.uasset" 411
"../../../WizardDuel/Content/StarterContent/Audio/Light01_Cue.uasset" 412
"../../../WizardDuel/Content/StarterContent/Audio/Light02_Cue.uasset" 413
"../../../WizardDuel/Content/StarterContent/Audio/Explosion_Cue.uasset" 414
"../../../WizardDuel/Content/StarterContent/Textures/T_Burst_M.uasset" 415
"../../../WizardDuel/Content/StarterContent/Particles/Materials/M_Burst.uasset" 416
"../../../WizardDuel/Content/StarterContent/Textures/T_Explosion_SubUV.uasset" 417
"../../../WizardDuel/Content/StarterContent/Particles/Materials/M_explosion_subUV.uasset" 418
"../../../WizardDuel/Content/StarterContent/Particles/Materials/m_flare_01.uasset" 419
"../../../WizardDuel/Content/StarterContent/Particles/Materials/M_radial_ramp.uasset" 420
"../../../WizardDuel/Content/StarterContent/Textures/T_Smoke_SubUV.uasset" 421
"../../../WizardDuel/Content/StarterContent/Textures/T_Smoke_Tiled_D.uasset" 422
"../../../WizardDuel/Content/StarterContent/Particles/Materials/M_smoke_subUV.uasset" 423
"../../../WizardDuel/Content/StarterContent/Particles/P_Explosion.uasset" 424
"../../../WizardDuel/Content/StarterContent/Blueprints/Blueprint_Effect_Explosion.uasset" 425
"../../../Engine/Content/EditorMeshes/ColorCalibrator/T_ColorGrid.uasset" 426
"../../../WizardDuel/Content/StarterContent/Materials/M_ColorGrid_LowSpec.uasset" 427
"../../../WizardDuel/Content/StarterContent/Textures/T_Bush_D.uasset" 428
"../../../WizardDuel/Content/StarterContent/Textures/T_Bush_N.uasset" 429
"../../../WizardDuel/Content/StarterContent/Props/Materials/M_Bush.uasset" 430
"../../../WizardDuel/Content/StarterContent/Props/SM_Bush.uasset" 431
"../../../WizardDuel/Content/StarterContent/Textures/T_Chair_M.uasset" 432
"../../../WizardDuel/Content/StarterContent/Textures/T_Chair_N.uasset" 433
"../../../WizardDuel/Content/StarterContent/Props/Materials/M_Chair.uasset" 434
"../../../WizardDuel/Content/StarterContent/Props/SM_Couch.uasset" 435
"../../../WizardDuel/Content/StarterContent/Materials/M_Glass.uasset" 436
"../../../WizardDuel/Content/StarterContent/Textures/T_Door_M.uasset" 437
"../../../WizardDuel/Content/StarterContent/Textures/T_Door_N.uasset" 438
"../../../WizardDuel/Content/StarterContent/Props/Materials/M_Door.uasset" 439
"../../../WizardDuel/Content/StarterContent/Props/SM_Door.uasset" 440
"../../../WizardDuel/Content/StarterContent/Props/Materials/M_MaterialSphere.uasset" 441
"../../../WizardDuel/Content/StarterContent/Props/Materials/M_MaterialSphere_Plain.uasset" 442
"../../../WizardDuel/Content/StarterContent/Props/SM_MatPreviewMesh_02.uasset" 443
"../../../WizardDuel/Content/StarterContent/Textures/T_Detail_Rocky_N.uasset" 444
"../../../WizardDuel/Content/StarterContent/Textures/T_Rock_Basalt_D.uasset" 445
"../../../WizardDuel/Content/StarterContent/Textures/T_RockMesh_M.uasset" 446
"../../../WizardDuel/Content/StarterContent/Textures/T_RockMesh_N.uasset" 447
"../../../WizardDuel/Content/StarterContent/Props/Materials/M_Rock.uasset" 448
"../../../WizardDuel/Content/StarterContent/Props/SM_Rock.uasset" 449
"../../../WizardDuel/Content/StarterContent/Textures/T_Shelf_M.uasset" 450
"../../../WizardDuel/Content/StarterContent/Textures/T_Shelf_N.uasset" 451
"../../../WizardDuel/Content/StarterContent/Props/Materials/M_Shelf.uasset" 452
"../../../WizardDuel/Content/StarterContent/Props/SM_Shelf.uasset" 453
"../../../WizardDuel/Content/StarterContent/Materials/M_Basic_Floor.uasset" 454
"../../../WizardDuel/Content/StarterContent/Props/SM_Stairs.uasset" 455
"../../../WizardDuel/Content/StarterContent/Shapes/Shape_Cone.uasset" 456
"../../../WizardDuel/Content/StarterContent/Shapes/Shape_Cylinder.uasset" 457
"../../../WizardDuel/Content/StarterContent/Shapes/Shape_NarrowCapsule.uasset" 458
"../../../WizardDuel/Content/StarterContent/Shapes/Shape_Pipe.uasset" 459
"../../../WizardDuel/Content/StarterContent/Shapes/Shape_Pipe_180.uasset" 460
"../../../WizardDuel/Content/StarterContent/Shapes/Shape_Pipe_90.uasset" 461
"../../../WizardDuel/Content/StarterContent/Shapes/Shape_Plane.uasset" 462
"../../../WizardDuel/Content/StarterContent/Shapes/Shape_Torus.uasset" 463
"../../../WizardDuel/Content/StarterContent/Shapes/Shape_Trim.uasset" 464
"../../../WizardDuel/Content/StarterContent/Shapes/Shape_Trim_90_In.uasset" 465
"../../../WizardDuel/Content/StarterContent/Shapes/Shape_Trim_90_Out.uasset" 466
"../../../WizardDuel/Content/StarterContent/Shapes/Shape_TriPyramid.uasset" 467
"../../../WizardDuel/Content/StarterContent/Shapes/Shape_Tube.uasset" 468
"../../../WizardDuel/Content/StarterContent/Shapes/Shape_Wedge_A.uasset" 469
"../../../WizardDuel/Content/StarterContent/Shapes/Shape_Wedge_B.uasset" 470
"../../../WizardDuel/Content/StarterContent/Shapes/Shape_WideCapsule.uasset" 471
"../../../Engine/Plugins/2D/Paper2D/Content/DummySprite.uasset" 472
"../../../Engine/Plugins/2D/Paper2D/Content/DefaultPaperTerrainMaterial.uasset" 473
"../../../Engine/Plugins/2D/Paper2D/Content/DefaultSpriteMaterial.uasset" 474
"../../../Engine/Plugins/2D/Paper2D/Content/MaskedUnlitSpriteMaterial.uasset" 475
"../../../Engine/Plugins/2D/Paper2D/Content/OpaqueUnlitSpriteMaterial.uasset" 476
"../../../Engine/Plugins/2D/Paper2D/Content/PlaceholderTextures/DummySpriteTexture.uasset" 477
"../../../WizardDuel/Content/StarterContent/Blueprints/Assets/FogBrightnessLUT.uasset" 478
"../../../WizardDuel/Content/StarterContent/Blueprints/Assets/SunlightColorLUT.uasset" 479
"../../../WizardDuel/Content/StarterContent/Blueprints/Assets/M_LightStage_Arrows.uasset" 480
"../../../Engine/Content/MapTemplates/Sky/DaylightAmbientCubemap.uasset" 481
"../../../WizardDuel/Content/StarterContent/Blueprints/Assets/M_LightStage_Skybox_Master.uasset" 482
"../../../WizardDuel/Content/StarterContent/Blueprints/Assets/M_LightStage_Skybox_Black.uasset" 483
"../../../WizardDuel/Content/StarterContent/Blueprints/Assets/M_LightStage_Skybox_HDRI.uasset" 484
"../../../Engine/Content/EditorMaterials/Thumbnails/SkySphereMaterial.uasset" 485
"../../../WizardDuel/Content/StarterContent/Blueprints/Assets/Skybox.uasset" 486
"../../../WizardDuel/Content/StarterContent/Blueprints/Assets/SM_Arrows.uasset" 487
"../../../WizardDuel/Content/StarterContent/HDRI/HDRI_Epic_Courtyard_Daylight.uasset" 488
"../../../WizardDuel/Content/StarterContent/Blueprints/BP_LightStudio.uasset" 489
"../../../WizardDuel/Content/StarterContent/Materials/M_AssetPlatform.uasset" 490
"../../../Engine/Content/EditorMeshes/ColorCalibrator/M_ChromeBall.uasset" 491
"../../../Engine/Content/EditorMeshes/ColorCalibrator/M_ClearCoat.uasset" 492
"../../../Engine/Content/EditorMeshes/ColorCalibrator/M_ClearCoatBlack.uasset" 493
"../../../Engine/Content/EditorMeshes/ColorCalibrator/M_ColorGrid.uasset" 494
"../../../Engine/Content/EditorMeshes/ColorCalibrator/M_GreyBall.uasset" 495
"../../../Engine/Content/EditorMeshes/ColorCalibrator/SM_ColorCalibrator.uasset" 496
"../../../WizardDuel/Content/StarterContent/Architecture/SM_AssetPlatform.uasset" 497
"../../../WizardDuel/Content/StarterContent/Maps/Advanced_Lighting.umap" 498
"../../../Engine/Content/EditorBlueprintResources/StandardMacros.uasset" 499
"../../../Engine/Content/EngineSky/C_Sky_Cloud_Color.uasset" 500
"../../../Engine/Content/EngineSky/C_Sky_Horizon_Color.uasset" 501
"../../../Engine/Content/EngineSky/C_Sky_Zenith_Color.uasset" 502
"../../../Engine/Content/EngineSky/T_Sky_Blue.uasset" 503
"../../../Engine/Content/EngineSky/T_Sky_Clouds_M.uasset" 504
"../../../Engine/Content/EngineSky/T_Sky_Stars.uasset" 505
"../../../Engine/Content/EngineSky/M_Sky_Panning_Clouds2.uasset" 506
"../../../Engine/Content/EngineSky/SM_SkySphere.uasset" 507
"../../../Engine/Content/EngineSky/BP_Sky_Sphere.uasset" 508
"../../../WizardDuel/Content/StarterContent/Textures/T_MacroVariation.uasset" 509
"../../../WizardDuel/Content/StarterContent/Materials/M_Metal_Brushed_Nickel.uasset" 510
"../../../WizardDuel/Content/StarterContent/Textures/T_Metal_Aluminum_D.uasset" 511
"../../../WizardDuel/Content/StarterContent/Textures/T_Metal_Gold_N.uasset" 512
"../../../WizardDuel/Content/StarterContent/Materials/M_Metal_Burnished_Steel.uasset" 513
"../../../WizardDuel/Content/StarterContent/Textures/T_Metal_Copper_D.uasset" 514
"../../../WizardDuel/Content/StarterContent/Materials/M_Metal_Copper.uasset" 515
"../../../WizardDuel/Content/StarterContent/Textures/T_Statue_M.uasset" 516
"../../../WizardDuel/Content/StarterContent/Textures/T_Statue_N.uasset" 517
"../../../WizardDuel/Content/StarterContent/Props/Materials/M_StatueGlass.uasset" 518
"../../../WizardDuel/Content/StarterContent/Architecture/Floor_400x400.uasset" 519
"../../../WizardDuel/Content/StarterContent/Audio/Starter_Background_Cue.uasset" 520
"../../../WizardDuel/Content/StarterContent/Props/SM_Chair.uasset" 521
"../../../WizardDuel/Content/StarterContent/Props/Materials/M_Statue.uasset" 522
"../../../WizardDuel/Content/StarterContent/Props/SM_Statue.uasset" 523
"../../../WizardDuel/Content/StarterContent/Textures/T_TableRound_M.uasset" 524
"../../../WizardDuel/Content/StarterContent/Textures/T_TableRound_N.uasset" 525
"../../../WizardDuel/Content/StarterContent/Props/Materials/M_TableRound.uasset" 526
"../../../WizardDuel/Content/StarterContent/Props/SM_TableRound.uasset" 527
"../../../WizardDuel/Content/StarterContent/Maps/Minimal_Default.umap" 528
"../../../WizardDuel/Content/StarterContent/Audio/Fire01_Cue.uasset" 529
"../../../WizardDuel/Content/StarterContent/Textures/T_Fire_SubUV.uasset" 530
"../../../WizardDuel/Content/StarterContent/Textures/T_Fire_Tiled_D.uasset" 531
"../../../WizardDuel/Content/StarterContent/Particles/Materials/M_Fire_SubUV.uasset" 532
"../../../WizardDuel/Content/StarterContent/Textures/T_Water_N.uasset" 533
"../../../WizardDuel/Content/StarterContent/Particles/Materials/M_Heat_Distortion.uasset" 534
"../../../WizardDuel/Content/StarterContent/Particles/Materials/M_Radial_Gradient.uasset" 535
"../../../WizardDuel/Content/StarterContent/Particles/P_Fire.uasset" 536
"../../../WizardDuel/Content/StarterContent/Blueprints/Blueprint_Effect_Fire.uasset" 537
"../../../WizardDuel/Content/StarterContent/Audio/Smoke01_Cue.uasset" 538
"../../../WizardDuel/Content/StarterContent/Particles/P_Smoke.uasset" 539
"../../../WizardDuel/Content/StarterContent/Blueprints/Blueprint_Effect_Smoke.uasset" 540
"../../../WizardDuel/Content/StarterContent/Audio/Fire_Sparks01_Cue.uasset" 541
"../../../WizardDuel/Content/StarterContent/Textures/T_Spark_Core.uasset" 542
"../../../WizardDuel/Content/StarterContent/Particles/Materials/M_Spark.uasset" 543
"../../../WizardDuel/Content/StarterContent/Particles/P_Sparks.uasset" 544
"../../../WizardDuel/Content/StarterContent/Blueprints/Blueprint_Effect_Sparks.uasset" 545
"../../../WizardDuel/Content/StarterContent/Audio/Steam01_Cue.uasset" 546
"../../../WizardDuel/Content/StarterContent/Particles/P_Steam_Lit.uasset" 547
"../../../WizardDuel/Content/StarterContent/Blueprints/Blueprint_Effect_Steam.uasset" 548
"../../../WizardDuel/Content/StarterContent/Textures/T_Lamp_M.uasset" 549
"../../../WizardDuel/Content/StarterContent/Textures/T_Lamp_N.uasset" 550
"../../../WizardDuel/Content/StarterContent/Props/Materials/M_Lamp.uasset" 551
"../../../WizardDuel/Content/StarterContent/Props/SM_Lamp_Ceiling.uasset" 552
"../../../WizardDuel/Content/StarterContent/Blueprints/Blueprint_CeilingLight.uasset" 553
"../../../WizardDuel/Content/StarterContent/Props/SM_Lamp_Wall.uasset" 554
"../../../WizardDuel/Content/StarterContent/Blueprints/Blueprint_WallSconce.uasset" 555
"../../../Engine/Content/Functions/Engine_MaterialFunctions03/Procedurals/ComputeFilterWidth.uasset" 556
"../../../Engine/Content/EngineMaterials/AntiAliasedTextMaterialTranslucent.uasset" 557
"../../../WizardDuel/Content/StarterContent/Textures/T_Brick_Clay_Beveled_D.uasset" 558
"../../../WizardDuel/Content/StarterContent/Textures/T_Brick_Clay_Beveled_M.uasset" 559
"../../../WizardDuel/Content/StarterContent/Textures/T_Brick_Clay_Beveled_N.uasset" 560
"../../../WizardDuel/Content/StarterContent/Materials/M_Brick_Clay_Beveled.uasset" 561
"../../../WizardDuel/Content/StarterContent/Textures/T_Brick_Clay_New_D.uasset" 562
"../../../WizardDuel/Content/StarterContent/Textures/T_Brick_Clay_New_M.uasset" 563
"../../../WizardDuel/Content/StarterContent/Textures/T_Brick_Clay_New_N.uasset" 564
"../../../WizardDuel/Content/StarterContent/Materials/M_Brick_Clay_New.uasset" 565
"../../../WizardDuel/Content/StarterContent/Textures/T_Brick_Clay_Old_D.uasset" 566
"../../../WizardDuel/Content/StarterContent/Textures/T_Brick_Clay_Old_N.uasset" 567
"../../../WizardDuel/Content/StarterContent/Textures/T_Perlin_Noise_M.uasset" 568
"../../../WizardDuel/Content/StarterContent/Materials/M_Brick_Clay_Old.uasset" 569
"../../../WizardDuel/Content/StarterContent/Textures/T_Brick_Cut_Stone_D.uasset" 570
"../../../WizardDuel/Content/StarterContent/Textures/T_Brick_Cut_Stone_N.uasset" 571
"../../../WizardDuel/Content/StarterContent/Materials/M_Brick_Cut_Stone.uasset" 572
"../../../WizardDuel/Content/StarterContent/Textures/T_Brick_Hewn_Stone_D.uasset" 573
"../../../WizardDuel/Content/StarterContent/Textures/T_Brick_Hewn_Stone_M.uasset" 574
"../../../WizardDuel/Content/StarterContent/Textures/T_Brick_Hewn_Stone_N.uasset" 575
"../../../WizardDuel/Content/StarterContent/Materials/M_Brick_Hewn_Stone.uasset" 576
"../../../WizardDuel/Content/StarterContent/Textures/T_Ceramic_Tile_M.uasset" 577
"../../../WizardDuel/Content/StarterContent/Textures/T_Ceramic_Tile_N.uasset" 578
"../../../WizardDuel/Content/StarterContent/Textures/T_Rock_Marble_Polished_D.uasset" 579
"../../../WizardDuel/Content/StarterContent/Materials/M_Ceramic_Tile_Checker.uasset" 580
"../../../WizardDuel/Content/StarterContent/Textures/T_CobbleStone_Pebble_D.uasset" 581
"../../../WizardDuel/Content/StarterContent/Textures/T_CobbleStone_Pebble_M.uasset" 582
"../../../WizardDuel/Content/StarterContent/Textures/T_CobbleStone_Pebble_N.uasset" 583
"../../../WizardDuel/Content/StarterContent/Materials/M_CobbleStone_Pebble.uasset" 584
"../../../WizardDuel/Content/StarterContent/Textures/T_CobbleStone_Rough_D.uasset" 585
"../../../WizardDuel/Content/StarterContent/Textures/T_CobbleStone_Rough_N.uasset" 586
"../../../WizardDuel/Content/StarterContent/Textures/T_Gradinet_01.uasset" 587
"../../../WizardDuel/Content/StarterContent/Textures/T_Rock_Smooth_Granite_D.uasset" 588
"../../../WizardDuel/Content/StarterContent/Materials/M_CobbleStone_Rough.uasset" 589
"../../../WizardDuel/Content/StarterContent/Textures/T_CobbleStone_Smooth_D.uasset" 590
"../../../WizardDuel/Content/StarterContent/Textures/T_CobbleStone_Smooth_M.uasset" 591
"../../../WizardDuel/Content/StarterContent/Textures/T_CobbleStone_Smooth_N.uasset" 592
"../../../WizardDuel/Content/StarterContent/Materials/M_CobbleStone_Smooth.uasset" 593
"../../../WizardDuel/Content/StarterContent/Textures/T_Concrete_Grime_D.uasset" 594
"../../../WizardDuel/Content/StarterContent/Textures/T_Metal_Rust_N.uasset" 595
"../../../WizardDuel/Content/StarterContent/Materials/M_Concrete_Grime.uasset" 596
"../../../WizardDuel/Content/StarterContent/Textures/T_Concrete_Panels_D.uasset" 597
"../../../WizardDuel/Content/StarterContent/Textures/T_Concrete_Panels_N.uasset" 598
"../../../WizardDuel/Content/StarterContent/Materials/M_Concrete_Panels.uasset" 599
"../../../WizardDuel/Content/StarterContent/Textures/T_Concrete_Poured_D.uasset" 600
"../../../WizardDuel/Content/StarterContent/Textures/T_Concrete_Poured_N.uasset" 601
"../../../WizardDuel/Content/StarterContent/Materials/M_Concrete_Poured.uasset" 602
"../../../WizardDuel/Content/StarterContent/Textures/T_Concrete_Tiles_D.uasset" 603
"../../../WizardDuel/Content/StarterContent/Textures/T_Concrete_Tiles_M.uasset" 604
"../../../WizardDuel/Content/StarterContent/Textures/T_Concrete_Tiles_N.uasset" 605
"../../../WizardDuel/Content/StarterContent/Textures/T_Concrete_Tiles_Variation_M.uasset" 606
"../../../WizardDuel/Content/StarterContent/Materials/M_Concrete_Tiles.uasset" 607
"../../../WizardDuel/Content/StarterContent/Textures/T_Ground_Grass_D.uasset" 608
"../../../WizardDuel/Content/StarterContent/Textures/T_Ground_Grass_N.uasset" 609
"../../../WizardDuel/Content/StarterContent/Materials/M_Ground_Grass.uasset" 610
"../../../WizardDuel/Content/StarterContent/Textures/T_Ground_Gravel_D.uasset" 611
"../../../WizardDuel/Content/StarterContent/Textures/T_Ground_Gravel_N.uasset" 612
"../../../WizardDuel/Content/StarterContent/Materials/M_Ground_Gravel.uasset" 613
"../../../WizardDuel/Content/StarterContent/Textures/T_ground_Moss_D.uasset" 614
"../../../WizardDuel/Content/StarterContent/Textures/T_Ground_Moss_N.uasset" 615
"../../../WizardDuel/Content/StarterContent/Materials/M_Ground_Moss.uasset" 616
"../../../WizardDuel/Content/StarterContent/Materials/M_Metal_Chrome.uasset" 617
"../../../WizardDuel/Content/StarterContent/Textures/T_Metal_Gold_D.uasset" 618
"../../../WizardDuel/Content/StarterContent/Materials/M_Metal_Gold.uasset" 619
"../../../WizardDuel/Content/StarterContent/Textures/T_Metal_Rust_D.uasset" 620
"../../../WizardDuel/Content/StarterContent/Materials/M_Metal_Rust.uasset" 621
"../../../WizardDuel/Content/StarterContent/Textures/T_Metal_Steel_D.uasset" 622
"../../../WizardDuel/Content/StarterContent/Textures/T_Metal_Steel_N.uasset" 623
"../../../WizardDuel/Content/StarterContent/Materials/M_Metal_Steel.uasset" 624
"../../../WizardDuel/Content/StarterContent/Textures/T_Rock_Basalt_N.uasset" 625
"../../../WizardDuel/Content/StarterContent/Materials/M_Rock_Basalt.uasset" 626
"../../../WizardDuel/Content/StarterContent/Materials/M_Rock_Marble_Polished.uasset" 627
"../../../WizardDuel/Content/StarterContent/Textures/T_Rock_Sandstone_D.uasset" 628
"../../../WizardDuel/Content/StarterContent/Textures/T_Rock_Sandstone_N.uasset" 629
"../../../WizardDuel/Content/StarterContent/Materials/M_Rock_Sandstone.uasset" 630
"../../../WizardDuel/Content/StarterContent/Textures/T_Rock_Slate_D.uasset" 631
"../../../WizardDuel/Content/StarterContent/Textures/T_Rock_Slate_N.uasset" 632
"../../../WizardDuel/Content/StarterContent/Materials/M_Rock_Slate.uasset" 633
"../../../WizardDuel/Content/StarterContent/Textures/T_Checker_Noise_M.uasset" 634
"../../../WizardDuel/Content/StarterContent/Textures/T_Single_Tile_N.uasset" 635
"../../../WizardDuel/Content/StarterContent/Textures/T_Tech_Dot_M.uasset" 636
"../../../WizardDuel/Content/StarterContent/Textures/T_Tech_Dot_N.uasset" 637
"../../../WizardDuel/Content/StarterContent/Materials/M_Tech_Checker_Dot.uasset" 638
"../../../WizardDuel/Content/StarterContent/Textures/T_Tech_Hex_Tile_M.uasset" 639
"../../../WizardDuel/Content/StarterContent/Textures/T_Tech_Hex_Tile_N.uasset" 640
"../../../WizardDuel/Content/StarterContent/Materials/M_Tech_Hex_Tile.uasset" 641
"../../../WizardDuel/Content/StarterContent/Materials/M_Tech_Hex_Tile_Pulse.uasset" 642
"../../../WizardDuel/Content/StarterContent/Textures/T_Tech_Panel_M.uasset" 643
"../../../WizardDuel/Content/StarterContent/Textures/T_Tech_Panel_N.uasset" 644
"../../../WizardDuel/Content/StarterContent/Materials/M_Tech_Panel.uasset" 645
"../../../WizardDuel/Content/StarterContent/Materials/M_Water_Lake.uasset" 646
"../../../WizardDuel/Content/StarterContent/Textures/T_Water_M.uasset" 647
"../../../WizardDuel/Content/StarterContent/Materials/M_Water_Ocean.uasset" 648
"../../../WizardDuel/Content/StarterContent/Textures/T_Wood_Floor_Walnut_D.uasset" 649
"../../../WizardDuel/Content/StarterContent/Textures/T_Wood_Floor_Walnut_M.uasset" 650
"../../../WizardDuel/Content/StarterContent/Textures/T_Wood_Floor_Walnut_N.uasset" 651
"../../../WizardDuel/Content/StarterContent/Materials/M_Wood_Floor_Walnut_Polished.uasset" 652
"../../../Engine/Content/Functions/Engine_MaterialFunctions01/Opacity/AlphaOffset.uasset" 653
"../../../WizardDuel/Content/StarterContent/Materials/M_Wood_Floor_Walnut_Worn.uasset" 654
"../../../WizardDuel/Content/StarterContent/Textures/T_Wood_Oak_D.uasset" 655
"../../../WizardDuel/Content/StarterContent/Textures/T_Wood_Oak_N.uasset" 656
"../../../WizardDuel/Content/StarterContent/Materials/M_Wood_Oak.uasset" 657
"../../../WizardDuel/Content/StarterContent/Textures/T_Wood_Pine_D.uasset" 658
"../../../WizardDuel/Content/StarterContent/Textures/T_Wood_Pine_N.uasset" 659
"../../../WizardDuel/Content/StarterContent/Materials/M_Wood_Pine.uasset" 660
"../../../WizardDuel/Content/StarterContent/Textures/T_Wood_Walnut_D.uasset" 661
"../../../WizardDuel/Content/StarterContent/Textures/T_Wood_Walnut_N.uasset" 662
"../../../WizardDuel/Content/StarterContent/Materials/M_Wood_Walnut.uasset" 663
"../../../WizardDuel/Content/StarterContent/Architecture/Wall_400x200.uasset" 664
"../../../WizardDuel/Content/StarterContent/Architecture/Wall_Door_400x300.uasset" 665
"../../../WizardDuel/Content/StarterContent/Architecture/Wall_Window_400x300.uasset" 666
"../../../WizardDuel/Content/StarterContent/Audio/Collapse_Cue.uasset" 667
"../../../WizardDuel/Content/StarterContent/Audio/Starter_Music_Cue.uasset" 668
"../../../WizardDuel/Content/StarterContent/Textures/T_Dust_Particle_D.uasset" 669
"../../../WizardDuel/Content/StarterContent/Particles/Materials/M_Dust_Particle.uasset" 670
"../../../WizardDuel/Content/StarterContent/Particles/P_Ambient_Dust.uasset" 671
"../../../WizardDuel/Content/StarterContent/Props/MaterialSphere.uasset" 672
"../../../WizardDuel/Content/StarterContent/Textures/T_Frame_M.uasset" 673
"../../../WizardDuel/Content/StarterContent/Textures/T_Frame_N.uasset" 674
"../../../WizardDuel/Content/StarterContent/Props/Materials/M_Frame.uasset" 675
"../../../WizardDuel/Content/StarterContent/Props/SM_CornerFrame.uasset" 676
"../../../WizardDuel/Content/StarterContent/Props/SM_DoorFrame.uasset" 677
"../../../WizardDuel/Content/StarterContent/Props/SM_GlassWindow.uasset" 678
"../../../WizardDuel/Content/StarterContent/Props/SM_PillarFrame.uasset" 679
"../../../WizardDuel/Content/StarterContent/Props/SM_PillarFrame300.uasset" 680
"../../../WizardDuel/Content/StarterContent/Props/SM_WindowFrame.uasset" 681
"../../../WizardDuel/Content/StarterContent/Shapes/Shape_Cube.uasset" 682
"../../../WizardDuel/Content/StarterContent/Shapes/Shape_QuadPyramid.uasset" 683
"../../../WizardDuel/Content/StarterContent/Shapes/Shape_Sphere.uasset" 684
"../../../WizardDuel/Content/StarterContent/Maps/StarterMap.umap" 685
"../../../Engine/Content/Functions/Engine_MaterialFunctions02/Utility/CameraDirectionVector.uasset" 686
"../../../Engine/Content/Functions/Engine_MaterialFunctions02/Utility/DepthFromWorldPosition.uasset" 687
"../../../WizardDuel/Content/VirtualReality/Materials/MF_OccludedPixels.uasset" 688
"../../../WizardDuel/Content/VirtualReality/Materials/TeleportMCP.uasset" 689
"../../../Engine/Content/EngineMaterials/Good64x64TilingNoiseHighFreq.uasset" 690
"../../../WizardDuel/Content/VirtualReality/Materials/M_ArcEndpoint.uasset" 691
"../../../WizardDuel/Content/VirtualReality/Materials/M_TeleportPreviews.uasset" 692
"../../../WizardDuel/Content/VirtualReality/Materials/MI_TeleportCylinderPreview.uasset" 693
"../../../Engine/Content/BasicShapes/Cylinder.uasset" 694
"../../../WizardDuel/Content/VirtualReality/Meshes/BeaconDirection.uasset" 695
"../../../WizardDuel/Content/VirtualReality/Meshes/SM_FatCylinder.uasset" 696
"../../../WizardDuel/Content/VirtualRealityBP/Blueprints/HMDLocomotionPawn.uasset" 697
"../../../WizardDuel/Content/VirtualRealityBP/Maps/HMDLocomotionMap_BuiltData.uasset" 698
"../../../WizardDuel/Content/VirtualReality/Materials/M_BaseMaterial.uasset" 699
"../../../WizardDuel/Content/Geometry/Meshes/1M_Cube.uasset" 700
"../../../WizardDuel/Content/VirtualRealityBP/Maps/HMDLocomotionMap.umap" 701
"../../../WizardDuel/Content/VirtualRealityBP/Blueprints/PickupActorInterface.uasset" 702
"../../../WizardDuel/Content/VirtualReality/Materials/MI_SmallCubes.uasset" 703
"../../../WizardDuel/Content/VirtualRealityBP/Blueprints/BP_PickupCube.uasset" 704
"../../../WizardDuel/Content/VirtualReality/Mannequin/Character/Mesh/MannequinHand_Right_Skeleton.uasset" 705
"../../../WizardDuel/Content/VirtualReality/Mannequin/Animations/MannequinHand_Right_CanGrab.uasset" 706
"../../../WizardDuel/Content/VirtualReality/Mannequin/Animations/MannequinHand_Right_Grab.uasset" 707
"../../../WizardDuel/Content/VirtualReality/Mannequin/Animations/MannequinHand_Right_Open.uasset" 708
"../../../WizardDuel/Content/VirtualReality/Mannequin/Animations/RightGrip_BS.uasset" 709
"../../../WizardDuel/Content/VirtualRealityBP/Blueprints/GripEnum.uasset" 710
"../../../WizardDuel/Content/VirtualReality/Mannequin/Animations/RightHand_AnimBP.uasset" 711
"../../../WizardDuel/Content/VirtualReality/Materials/M_SplineArcMat.uasset" 712
"../../../WizardDuel/Content/VirtualReality/Materials/MI_ChaperoneOutline.uasset" 713
"../../../Engine/Content/BasicShapes/Sphere.uasset" 714
"../../../WizardDuel/Content/VirtualReality/Mannequin/Character/Textures/UE4_Mannequin__normals.uasset" 715
"../../../WizardDuel/Content/VirtualReality/Mannequin/Character/Textures/UE4_Mannequin_MAT_MASKA.uasset" 716
"../../../WizardDuel/Content/VirtualReality/Mannequin/Character/Materials/M_HandMat.uasset" 717
"../../../WizardDuel/Content/VirtualReality/Mannequin/Character/Mesh/MannequinHand_Right_PhysicsAsset.uasset" 718
"../../../WizardDuel/Content/VirtualReality/Mannequin/Character/Mesh/MannequinHand_Right.uasset" 719
"../../../WizardDuel/Content/VirtualReality/Meshes/1x1_cube.uasset" 720
"../../../WizardDuel/Content/VirtualReality/Meshes/BeamMesh.uasset" 721
"../../../WizardDuel/Content/VirtualRealityBP/Blueprints/BP_MotionController.uasset" 722
"../../../WizardDuel/Content/AdvancedMagicFX01/Particles/P_thanderLv1.uasset" 723
"../../../WizardDuel/Content/VirtualRealityBP/Blueprints/MotionControllerPawn.uasset" 724
"../../../WizardDuel/Content/VirtualRealityBP/Maps/MotionControllerMap_BuiltData.uasset" 725
"../../../WizardDuel/Content/VirtualRealityBP/Maps/MotionControllerMap.umap" 726
"../../../WizardDuel/Content/VirtualRealityBP/Maps/StartupMap_BuiltData.uasset" 727
"../../../Engine/Content/VREditor/Devices/Generic/GenericHMDMaterial.uasset" 728
"../../../Engine/Content/VREditor/Devices/Generic/GenericHMD.uasset" 729
"../../../WizardDuel/Content/VirtualRealityBP/Maps/StartupMap.umap" 730
"../../../Engine/Content/Maps/Entry.umap" 731
